Build started 12/6/2014 2:41:38 PM.
     1>Project "F:\backup\eureqa_api_1_09_0\eureqa_api_1_09_0\examples\basic_client\basic_client.vcxproj" on node 2 (build target(s)).
     1>InitializeBuildStatus:
         Creating "Release\basic_client.unsuccessfulbuild" because "AlwaysCreate" was specified.
       ClCompile:
         C:\Program Files (x86)\Microsoft Visual Studio 10.0\VC\bin\CL.exe /c /I../../../ /Zi /nologo /W3 /WX- /O2 /Oi /Oy- /GL /D WIN32 /D NDEBUG /D _CONSOLE /Gm- /EHsc /MD /GS /Gy /fp:precise /Zc:wchar_t /Zc:forScope /Fo"Release\\" /Fd"Release\vc100.pdb" /Gd /TP /analyze- /errorReport:prompt basic_client.cpp /D_WIN32_WINNT=0x0500 /D_SCL_SECURE_NO_WARNINGS 
         basic_client.cpp
       Link:
         C:\Program Files (x86)\Microsoft Visual Studio 10.0\VC\bin\link.exe /ERRORREPORT:PROMPT /OUT:"F:\backup\eureqa_api_1_09_0\eureqa_api_1_09_0\examples\basic_client\Release\basic_client.exe" /INCREMENTAL:NO /NOLOGO kernel32.lib user32.lib gdi32.lib winspool.lib comdlg32.lib advapi32.lib shell32.lib ole32.lib oleaut32.lib uuid.lib odbc32.lib odbccp32.lib /MANIFEST /ManifestFile:"Release\basic_client.exe.intermediate.manifest" /MANIFESTUAC:"level='asInvoker' uiAccess='false'" /DEBUG /PDB:"F:\backup\eureqa_api_1_09_0\eureqa_api_1_09_0\examples\basic_client\Release\basic_client.pdb" /SUBSYSTEM:CONSOLE /OPT:REF /OPT:ICF /LTCG /TLBID:1 /DYNAMICBASE /NXCOMPAT /IMPLIB:"F:\backup\eureqa_api_1_09_0\eureqa_api_1_09_0\examples\basic_client\Release\basic_client.lib" /MACHINE:X86 Release\basic_client.obj
            Creating library F:\backup\eureqa_api_1_09_0\eureqa_api_1_09_0\examples\basic_client\Release\basic_client.lib and object F:\backup\eureqa_api_1_09_0\eureqa_api_1_09_0\examples\basic_client\Release\basic_client.exp
         Generating code
         Finished generating code
         basic_client.vcxproj -> F:\backup\eureqa_api_1_09_0\eureqa_api_1_09_0\examples\basic_client\Release\basic_client.exe
       Manifest:
         C:\Program Files (x86)\Microsoft SDKs\Windows\v7.0A\bin\mt.exe /nologo /verbose /outputresource:"F:\backup\eureqa_api_1_09_0\eureqa_api_1_09_0\examples\basic_client\Release\basic_client.exe;#1" /manifest Release\basic_client.exe.intermediate.manifest
       FinalizeBuildStatus:
         Deleting file "Release\basic_client.unsuccessfulbuild".
         Touching "Release\basic_client.lastbuildstate".
     1>Done Building Project "F:\backup\eureqa_api_1_09_0\eureqa_api_1_09_0\examples\basic_client\basic_client.vcxproj" (build target(s)).

Build succeeded.

Time Elapsed 00:00:07.13
