Build started 11/21/2014 3:06:06 PM.
     1>Project "F:\eureqa_api_1_09_0\eureqa_api_1_09_0\examples\basic_client\basic_client.vcxproj" on node 2 (build target(s)).
     1>InitializeBuildStatus:
         Creating "Debug\basic_client.unsuccessfulbuild" because "AlwaysCreate" was specified.
       ClCompile:
         C:\Program Files (x86)\Microsoft Visual Studio 10.0\VC\bin\CL.exe /c /I../../../ /ZI /nologo /W3 /WX- /Od /Oy- /D WIN32 /D _DEBUG /D _CONSOLE /Gm /EHsc /RTC1 /MDd /GS /fp:precise /Zc:wchar_t /Zc:forScope /Fo"Debug\\" /Fd"Debug\vc100.pdb" /Gd /TP /analyze- /errorReport:prompt basic_client.cpp /D_WIN32_WINNT=0x0500 /D_SCL_SECURE_NO_WARNINGS 
         basic_client.cpp
       ManifestResourceCompile:
         All outputs are up-to-date.
       Link:
         C:\Program Files (x86)\Microsoft Visual Studio 10.0\VC\bin\link.exe /ERRORREPORT:PROMPT /OUT:"F:\eureqa_api_1_09_0\eureqa_api_1_09_0\examples\basic_client\Debug\basic_client.exe" /INCREMENTAL /NOLOGO kernel32.lib user32.lib gdi32.lib winspool.lib comdlg32.lib advapi32.lib shell32.lib ole32.lib oleaut32.lib uuid.lib odbc32.lib odbccp32.lib /MANIFEST /ManifestFile:"Debug\basic_client.exe.intermediate.manifest" /MANIFESTUAC:"level='asInvoker' uiAccess='false'" /DEBUG /PDB:"F:\eureqa_api_1_09_0\eureqa_api_1_09_0\examples\basic_client\Debug\basic_client.pdb" /SUBSYSTEM:CONSOLE /TLBID:1 /DYNAMICBASE /NXCOMPAT /IMPLIB:"F:\eureqa_api_1_09_0\eureqa_api_1_09_0\examples\basic_client\Debug\basic_client.lib" /MACHINE:X86 Debug\basic_client.exe.embed.manifest.res
         Debug\basic_client.obj
       Manifest:
         C:\Program Files (x86)\Microsoft SDKs\Windows\v7.0A\bin\mt.exe /nologo /verbose /out:"Debug\basic_client.exe.embed.manifest" /manifest Debug\basic_client.exe.intermediate.manifest
         All outputs are up-to-date.
       LinkEmbedManifest:
         All outputs are up-to-date.
         basic_client.vcxproj -> F:\eureqa_api_1_09_0\eureqa_api_1_09_0\examples\basic_client\Debug\basic_client.exe
       FinalizeBuildStatus:
         Deleting file "Debug\basic_client.unsuccessfulbuild".
         Touching "Debug\basic_client.lastbuildstate".
     1>Done Building Project "F:\eureqa_api_1_09_0\eureqa_api_1_09_0\examples\basic_client\basic_client.vcxproj" (build target(s)).

Build succeeded.

Time Elapsed 00:00:05.48
